# JRE version: OpenJDK Runtime Environment (21.0.5) (build 21.0.5+-13047016-b750.29)
# Java VM: OpenJDK 64-Bit Server VM (21.0.5+-13047016-b750.29, mixed mode, tiered, compressed oops, compressed class ptrs, g1 gc, windows-amd64)
GC Precious Log:
 CardTable entry size: 512
 Card Set container configuration: InlinePtr #cards 5 size 8 Array Of Cards #cards 12 size 40 Howl #buckets 4 coarsen threshold 1843 Howl Bitmap #cards 512 size 80 coarsen threshold 460 Card regions per heap region 1 cards per card region 2048
 CPUs: 8 total, 8 available
 Memory: 7103M
 Large Page Support: Disabled
 NUMA Support: Disabled
 Compressed Oops: Enabled (32-bit)
 Heap Region Size: 1M
 Heap Min Capacity: 8M
 Heap Initial Capacity: 112M
 Heap Max Capacity: 2G
 Pre-touch: Disabled
 Parallel Workers: 8
 Concurrent Workers: 2
 Concurrent Refinement Workers: 8
 Periodic GC: Disabled
Heap:
 garbage-first heap   total 265216K, used 173767K [0x0000000080000000, 0x0000000100000000)
  region size 1024K, 28 young (28672K), 11 survivors (11264K)
 Metaspace       used 144363K, committed 146816K, reserved 1179648K
  class space    used 19628K, committed 20864K, reserved 1048576K
GC Heap History (20 events):
Event: 585.549 GC heap before
{Heap before GC invocations=47 (full 0):
 garbage-first heap   total 193536K, used 142792K [0x0000000080000000, 0x0000000100000000)
  region size 1024K, 30 young (30720K), 8 survivors (8192K)
 Metaspace       used 118368K, committed 120704K, reserved 1179648K
  class space    used 16250K, committed 17408K, reserved 1048576K
}
Event: 585.563 GC heap after
{Heap after GC invocations=48 (full 0):
 garbage-first heap   total 193536K, used 126799K [0x0000000080000000, 0x0000000100000000)
  region size 1024K, 4 young (4096K), 4 survivors (4096K)
 Metaspace       used 118368K, committed 120704K, reserved 1179648K
  class space    used 16250K, committed 17408K, reserved 1048576K
}
Event: 586.916 GC heap before
{Heap before GC invocations=49 (full 0):
 garbage-first heap   total 220160K, used 180047K [0x0000000080000000, 0x0000000100000000)
  region size 1024K, 52 young (53248K), 4 survivors (4096K)
 Metaspace       used 121616K, committed 123968K, reserved 1179648K
  class space    used 16532K, committed 17728K, reserved 1048576K
}
Event: 586.923 GC heap after
{Heap after GC invocations=50 (full 0):
 garbage-first heap   total 220160K, used 131072K [0x0000000080000000, 0x0000000100000000)
  region size 1024K, 7 young (7168K), 7 survivors (7168K)
 Metaspace       used 121616K, committed 123968K, reserved 1179648K
  class space    used 16532K, committed 17728K, reserved 1048576K
}
Event: 589.673 GC heap before
{Heap before GC invocations=50 (full 0):
 garbage-first heap   total 220160K, used 197632K [0x0000000080000000, 0x0000000100000000)
  region size 1024K, 73 young (74752K), 7 survivors (7168K)
 Metaspace       used 123875K, committed 126208K, reserved 1179648K
  class space    used 16803K, committed 17984K, reserved 1048576K
}
Event: 589.689 GC heap after
{Heap after GC invocations=51 (full 0):
 garbage-first heap   total 220160K, used 128432K [0x0000000080000000, 0x0000000100000000)
  region size 1024K, 10 young (10240K), 10 survivors (10240K)
 Metaspace       used 123875K, committed 126208K, reserved 1179648K
  class space    used 16803K, committed 17984K, reserved 1048576K
}
Event: 591.322 GC heap before
{Heap before GC invocations=51 (full 0):
 garbage-first heap   total 220160K, used 194992K [0x0000000080000000, 0x0000000100000000)
  region size 1024K, 76 young (77824K), 10 survivors (10240K)
 Metaspace       used 127170K, committed 129472K, reserved 1179648K
  class space    used 17252K, committed 18432K, reserved 1048576K
}
Event: 591.338 GC heap after
{Heap after GC invocations=52 (full 0):
 garbage-first heap   total 220160K, used 133837K [0x0000000080000000, 0x0000000100000000)
  region size 1024K, 10 young (10240K), 10 survivors (10240K)
 Metaspace       used 127170K, committed 129472K, reserved 1179648K
  class space    used 17252K, committed 18432K, reserved 1048576K
}
Event: 592.566 GC heap before
{Heap before GC invocations=53 (full 0):
 garbage-first heap   total 224256K, used 196301K [0x0000000080000000, 0x0000000100000000)
  region size 1024K, 72 young (73728K), 10 survivors (10240K)
 Metaspace       used 130093K, committed 132480K, reserved 1179648K
  class space    used 17675K, committed 18880K, reserved 1048576K
}
Event: 592.586 GC heap after
{Heap after GC invocations=54 (full 0):
 garbage-first heap   total 224256K, used 143075K [0x0000000080000000, 0x0000000100000000)
  region size 1024K, 9 young (9216K), 9 survivors (9216K)
 Metaspace       used 130093K, committed 132480K, reserved 1179648K
  class space    used 17675K, committed 18880K, reserved 1048576K
}
Event: 594.335 GC heap before
{Heap before GC invocations=54 (full 0):
 garbage-first heap   total 224256K, used 201443K [0x0000000080000000, 0x0000000100000000)
  region size 1024K, 67 young (68608K), 9 survivors (9216K)
 Metaspace       used 135246K, committed 137664K, reserved 1179648K
  class space    used 18444K, committed 19648K, reserved 1048576K
}
Event: 594.355 GC heap after
{Heap after GC invocations=55 (full 0):
 garbage-first heap   total 224256K, used 145612K [0x0000000080000000, 0x0000000100000000)
  region size 1024K, 6 young (6144K), 6 survivors (6144K)
 Metaspace       used 135246K, committed 137664K, reserved 1179648K
  class space    used 18444K, committed 19648K, reserved 1048576K
}
Event: 595.374 GC heap before
{Heap before GC invocations=55 (full 0):
 garbage-first heap   total 224256K, used 203980K [0x0000000080000000, 0x0000000100000000)
  region size 1024K, 64 young (65536K), 6 survivors (6144K)
 Metaspace       used 139542K, committed 141888K, reserved 1179648K
  class space    used 19114K, committed 20288K, reserved 1048576K
}
Event: 595.384 GC heap after
{Heap after GC invocations=56 (full 0):
 garbage-first heap   total 224256K, used 147594K [0x0000000080000000, 0x0000000100000000)
  region size 1024K, 3 young (3072K), 3 survivors (3072K)
 Metaspace       used 139542K, committed 141888K, reserved 1179648K
  class space    used 19114K, committed 20288K, reserved 1048576K
}
Event: 600.069 GC heap before
{Heap before GC invocations=57 (full 0):
 garbage-first heap   total 247808K, used 208010K [0x0000000080000000, 0x0000000100000000)
  region size 1024K, 61 young (62464K), 3 survivors (3072K)
 Metaspace       used 143130K, committed 145536K, reserved 1179648K
  class space    used 19544K, committed 20800K, reserved 1048576K
}
Event: 600.073 GC heap after
{Heap after GC invocations=58 (full 0):
 garbage-first heap   total 247808K, used 147809K [0x0000000080000000, 0x0000000100000000)
  region size 1024K, 3 young (3072K), 3 survivors (3072K)
 Metaspace       used 143130K, committed 145536K, reserved 1179648K
  class space    used 19544K, committed 20800K, reserved 1048576K
}
Event: 702.521 GC heap before
{Heap before GC invocations=58 (full 0):
 garbage-first heap   total 247808K, used 228705K [0x0000000080000000, 0x0000000100000000)
  region size 1024K, 83 young (84992K), 3 survivors (3072K)
 Metaspace       used 143755K, committed 146240K, reserved 1179648K
  class space    used 19609K, committed 20864K, reserved 1048576K
}
Event: 702.654 GC heap after
{Heap after GC invocations=59 (full 0):
 garbage-first heap   total 247808K, used 150965K [0x0000000080000000, 0x0000000100000000)
  region size 1024K, 8 young (8192K), 8 survivors (8192K)
 Metaspace       used 143755K, committed 146240K, reserved 1179648K
  class space    used 19609K, committed 20864K, reserved 1048576K
}
Event: 706.207 GC heap before
{Heap before GC invocations=59 (full 0):
 garbage-first heap   total 247808K, used 224693K [0x0000000080000000, 0x0000000100000000)
  region size 1024K, 81 young (82944K), 8 survivors (8192K)
 Metaspace       used 144251K, committed 146688K, reserved 1179648K
  class space    used 19622K, committed 20864K, reserved 1048576K
}
Event: 706.235 GC heap after
{Heap after GC invocations=60 (full 0):
 garbage-first heap   total 247808K, used 158407K [0x0000000080000000, 0x0000000100000000)
  region size 1024K, 11 young (11264K), 11 survivors (11264K)
 Metaspace       used 144251K, committed 146688K, reserved 1179648K
  class space    used 19622K, committed 20864K, reserved 1048576K
}

